2024-09-23 03:27:49,775 - __main__ - INFO - ==================================================
2024-09-23 03:27:49,775 - __main__ - INFO - Main script start
2024-09-23 03:27:49,775 - __main__ - INFO - ==================================================

2024-09-23 03:27:49,776 - root - INFO - Download started.
2024-09-23 03:28:28,295 - root - INFO - File downloaded.
2024-09-23 03:28:28,358 - root - INFO - File moved to data\2020.zip
2024-09-23 03:28:38,580 - root - INFO - Unzipping file 2020.zip
2024-09-23 03:28:39,017 - root - INFO - Deleted file 2020.zip
2024-09-23 03:28:39,021 - root - INFO - Creating JSON file.
2024-09-23 03:30:14,126 - root - INFO - JSON file created: all_data.json
2024-09-23 03:30:16,563 - root - INFO - Removed unzipped XML files from data/unzipped_files
2024-09-23 03:30:16,569 - root - INFO - Data file all_data.json ready to be used.
2024-09-23 03:30:16,576 - root - INFO - Initializing the building of a unique abstracts list.
2024-09-23 03:30:18,101 - root - INFO - Completed building of unique abstracts list.
2024-09-23 03:30:18,150 - root - INFO - Preprocessing abstracts.
2024-09-23 03:30:55,321 - root - INFO - Finish preprocessing of abstracts.
2024-09-23 03:30:55,336 - root - INFO - Initializing the clustering algorithm.
2024-09-23 03:30:57,890 - root - INFO - Applying TSNE with 2 components.
2024-09-23 03:32:17,794 - root - INFO - Saving the pickle file for 4 clusters.
2024-09-23 03:32:17,809 - root - INFO - pkl file saved as output/kmeans_4.pkl
2024-09-23 03:32:17,810 - root - INFO - Saving the scatter plot for 4 clusters.
2024-09-23 03:32:18,616 - root - INFO - img file saved as output/kmeans_4.png
2024-09-23 03:32:18,616 - root - INFO - Generating pdf file for the model with 4 clusters.
2024-09-23 03:32:18,819 - root - INFO - pdf file saved as output/kmeans_4.pdf
2024-09-23 03:32:18,820 - root - INFO - Saving the pickle file for 7 clusters.
2024-09-23 03:32:18,821 - root - INFO - pkl file saved as output/kmeans_7.pkl
2024-09-23 03:32:18,822 - root - INFO - Saving the scatter plot for 7 clusters.
2024-09-23 03:32:19,389 - root - INFO - img file saved as output/kmeans_7.png
2024-09-23 03:32:19,389 - root - INFO - Generating pdf file for the model with 7 clusters.
2024-09-23 03:32:19,563 - root - INFO - pdf file saved as output/kmeans_7.pdf
2024-09-23 03:32:19,563 - root - INFO - Saving the pickle file for 9 clusters.
2024-09-23 03:32:19,563 - root - INFO - pkl file saved as output/kmeans_9.pkl
2024-09-23 03:32:19,564 - root - INFO - Saving the scatter plot for 9 clusters.
2024-09-23 03:32:19,999 - root - INFO - img file saved as output/kmeans_9.png
2024-09-23 03:32:19,999 - root - INFO - Generating pdf file for the model with 9 clusters.
2024-09-23 03:32:20,136 - root - INFO - pdf file saved as output/kmeans_9.pdf
